#
# A fatal error has been detected by the Java Runtime Environment:
#
#  Internal Error (safepoint.cpp:310), pid=726, tid=11523
#  guarantee(PageArmed == 0) failed: invariant
#
# JRE version: Java(TM) SE Runtime Environment (8.0_45-b14) (build 1.8.0_45-b14)
# Java VM: Java HotSpot(TM) 64-Bit Server VM (25.45-b02 mixed mode bsd-amd64 compressed oops)
# Failed to write core dump. Core dumps have been disabled. To enable core dumping, try "ulimit -c unlimited" before starting Java again
#
# If you would like to submit a bug report, please visit:
#   http://bugreport.java.com/bugreport/crash.jsp
#

---------------  T H R E A D  ---------------

Current thread (0x00007fa44c858000):  VMThread [stack: 0x000000011b8b8000,0x000000011b9b8000] [id=11523]

Stack: [0x000000011b8b8000,0x000000011b9b8000],  sp=0x000000011b9b7910,  free space=1022k
Native frames: (J=compiled Java code, j=interpreted, Vv=VM code, C=native code)
V  [libjvm.dylib+0x58e7ba]  VMError::report_and_die()+0x3f8
V  [libjvm.dylib+0x1e037f]  report_vm_error(char const*, int, char const*, char const*)+0x54
V  [libjvm.dylib+0x4c2e84]  SafepointSynchronize::begin()+0x2be
V  [libjvm.dylib+0x594a27]  VMThread::loop()+0x319
V  [libjvm.dylib+0x594355]  VMThread::run()+0x79
V  [libjvm.dylib+0x46ea7e]  java_start(Thread*)+0xf6
C  [libsystem_pthread.dylib+0x1899]  _pthread_body+0x8a
C  [libsystem_pthread.dylib+0x172a]  _pthread_struct_init+0x0
C  [libsystem_pthread.dylib+0x5fc9]  thread_start+0xd

VM_Operation (0x00007fa44bf12b50): EnableBiasedLocking, mode: async safepoint, requested by thread 0x00007fa44d810000


---------------  P R O C E S S  ---------------

Java Threads: ( => current thread )
  0x00007fa44c835000 JavaThread "DestroyJavaVM" [_thread_blocked, id=6403, stack(0x0000000107f6a000,0x000000010806a000)]
  0x00007fa44d05c000 JavaThread "Thread-4" [_thread_in_vm, id=22787, stack(0x000000011c776000,0x000000011c876000)]
  0x00007fa44d05b800 JavaThread "Thread-3" [_thread_in_vm, id=22275, stack(0x000000011c673000,0x000000011c773000)]
  0x00007fa44d05a800 JavaThread "Thread-2" [_thread_in_vm, id=21763, stack(0x000000011c570000,0x000000011c670000)]
  0x00007fa44d05a000 JavaThread "Thread-1" [_thread_in_vm, id=21251, stack(0x000000011c46d000,0x000000011c56d000)]
  0x00007fa44d822800 JavaThread "Thread-0" [_thread_in_Java, id=20739, stack(0x000000011c36a000,0x000000011c46a000)]
  0x00007fa44d807000 JavaThread "Service Thread" daemon [_thread_blocked, id=19715, stack(0x000000011c119000,0x000000011c219000)]
  0x00007fa44d80d800 JavaThread "C1 CompilerThread2" daemon [_thread_blocked, id=19203, stack(0x000000011c016000,0x000000011c116000)]
  0x00007fa44d80c800 JavaThread "C2 CompilerThread1" daemon [_thread_blocked, id=18691, stack(0x000000011bf13000,0x000000011c013000)]
  0x00007fa44d000000 JavaThread "C2 CompilerThread0" daemon [_thread_blocked, id=18179, stack(0x000000011be10000,0x000000011bf10000)]
  0x00007fa44d806000 JavaThread "Signal Dispatcher" daemon [_thread_blocked, id=17667, stack(0x000000011bd0d000,0x000000011be0d000)]
  0x00007fa44c85b800 JavaThread "Finalizer" daemon [_thread_blocked, id=12547, stack(0x000000011babe000,0x000000011bbbe000)]
  0x00007fa44c85b000 JavaThread "Reference Handler" daemon [_thread_blocked, id=12035, stack(0x000000011b9bb000,0x000000011babb000)]

Other Threads:
=>0x00007fa44c858000 VMThread [stack: 0x000000011b8b8000,0x000000011b9b8000] [id=11523]
  0x00007fa44d810000 WatcherThread [stack: 0x000000011c21c000,0x000000011c31c000] [id=20227]

VM state:synchronizing (normal execution)

VM Mutex/Monitor currently owned by a thread:  ([mutex/lock_event])
[0x00007fa44bc104b0] Safepoint_lock - owner thread: 0x00007fa44c858000
[0x00007fa44bc10530] Threads_lock - owner thread: 0x00007fa44c858000

Heap:
 PSYoungGen      total 18944K, used 2973K [0x00000007aab00000, 0x00000007ac000000, 0x00000007c0000000)
  eden space 16384K, 18% used [0x00000007aab00000,0x00000007aade77c8,0x00000007abb00000)
  from space 2560K, 0% used [0x00000007abd80000,0x00000007abd80000,0x00000007ac000000)
  to   space 2560K, 0% used [0x00000007abb00000,0x00000007abb00000,0x00000007abd80000)
 ParOldGen       total 44032K, used 0K [0x0000000780000000, 0x0000000782b00000, 0x00000007aab00000)
  object space 44032K, 0% used [0x0000000780000000,0x0000000780000000,0x0000000782b00000)
 Metaspace       used 2856K, capacity 4490K, committed 4864K, reserved 1056768K
  class space    used 311K, capacity 386K, committed 512K, reserved 1048576K

Card table byte_map: [0x0000000117472000,0x0000000117673000] byte_map_base: 0x0000000113872000

Marking Bits: (ParMarkBitMap*) 0x00000001078c27a0
 Begin Bits: [0x0000000117bd5000, 0x0000000118bd5000)
 End Bits:   [0x0000000118bd5000, 0x0000000119bd5000)

Polling page: 0x00000001067fb000

CodeCache: size=245760Kb used=1189Kb max_used=1200Kb free=244570Kb
 bounds [0x00000001080b2000, 0x0000000108322000, 0x00000001170b2000]
 total_blobs=301 nmethods=61 adapters=154
 compilation: enabled

Compilation events (10 events):
Event: 0.123 Thread 0x00007fa44d000000   57       4       ba.bitcamp.exercise.Task1::isPrime (27 bytes)
Event: 0.126 Thread 0x00007fa44d000000 nmethod 57 0x00000001081dbd50 code [0x00000001081dbea0, 0x00000001081dc018]
Event: 0.132 Thread 0x00007fa44d80c800   58 %     4       ba.bitcamp.exercise.Task1::isPrime @ 5 (27 bytes)
Event: 0.135 Thread 0x00007fa44d80c800 nmethod 58% 0x00000001081da4d0 code [0x00000001081da620, 0x00000001081da7d8]
Event: 0.818 Thread 0x00007fa44d80d800   59 %s    3       ba.bitcamp.exercise.Task1$Producer::run @ 16 (85 bytes)
Event: 0.819 Thread 0x00007fa44d80d800 nmethod 59% 0x00000001081d9650 code [0x00000001081d9840, 0x00000001081da118]
Event: 0.841 Thread 0x00007fa44d80d800   60  s    3       ba.bitcamp.exercise.Task1$Producer::run (85 bytes)
Event: 0.842 Thread 0x00007fa44d80d800 nmethod 60 0x00000001081dafd0 code [0x00000001081db1c0, 0x00000001081db9d8]
Event: 1.968 Thread 0x00007fa44d80c800   61 %s    4       ba.bitcamp.exercise.Task1$Producer::run @ 16 (85 bytes)
Event: 1.972 Thread 0x00007fa44d80c800 nmethod 61% 0x00000001081d9190 code [0x00000001081d92e0, 0x00000001081d9518]

GC Heap History (0 events):
No events

Deoptimization events (0 events):
No events

Internal exceptions (10 events):
Event: 0.111 Thread 0x00007fa44d001800 Exception <a 'java/security/PrivilegedActionException'> (0x00000007aac74b58) thrown at [/Users/java_re/workspace/8-2-build-macosx-x86_64/jdk8u45/3457/hotspot/src/share/vm/prims/jvm.cpp, line 1382]
Event: 0.112 Thread 0x00007fa44d001800 Exception <a 'java/util/zip/ZipException'> (0x00000007aac75938) thrown at [/Users/java_re/workspace/8-2-build-macosx-x86_64/jdk8u45/3457/hotspot/src/share/vm/prims/jni.cpp, line 709]
Event: 0.112 Thread 0x00007fa44d001800 Exception <a 'java/security/PrivilegedActionException'> (0x00000007aac75ae8) thrown at [/Users/java_re/workspace/8-2-build-macosx-x86_64/jdk8u45/3457/hotspot/src/share/vm/prims/jvm.cpp, line 1382]
Event: 0.112 Thread 0x00007fa44d001800 Exception <a 'java/security/PrivilegedActionException'> (0x00000007aac75ca0) thrown at [/Users/java_re/workspace/8-2-build-macosx-x86_64/jdk8u45/3457/hotspot/src/share/vm/prims/jvm.cpp, line 1382]
Event: 0.113 Thread 0x00007fa44d001800 Exception <a 'java/util/zip/ZipException'> (0x00000007aac769e8) thrown at [/Users/java_re/workspace/8-2-build-macosx-x86_64/jdk8u45/3457/hotspot/src/share/vm/prims/jni.cpp, line 709]
Event: 0.113 Thread 0x00007fa44d001800 Exception <a 'java/security/PrivilegedActionException'> (0x00000007aac76b98) thrown at [/Users/java_re/workspace/8-2-build-macosx-x86_64/jdk8u45/3457/hotspot/src/share/vm/prims/jvm.cpp, line 1382]
Event: 0.113 Thread 0x00007fa44d001800 Exception <a 'java/security/PrivilegedActionException'> (0x00000007aac76d50) thrown at [/Users/java_re/workspace/8-2-build-macosx-x86_64/jdk8u45/3457/hotspot/src/share/vm/prims/jvm.cpp, line 1382]
Event: 0.116 Thread 0x00007fa44d001800 Exception <a 'java/util/zip/ZipException'> (0x00000007aac89c00) thrown at [/Users/java_re/workspace/8-2-build-macosx-x86_64/jdk8u45/3457/hotspot/src/share/vm/prims/jni.cpp, line 709]
Event: 0.116 Thread 0x00007fa44d001800 Exception <a 'java/security/PrivilegedActionException'> (0x00000007aac89db0) thrown at [/Users/java_re/workspace/8-2-build-macosx-x86_64/jdk8u45/3457/hotspot/src/share/vm/prims/jvm.cpp, line 1382]
Event: 0.116 Thread 0x00007fa44d001800 Exception <a 'java/security/PrivilegedActionException'> (0x00000007aac89f68) thrown at [/Users/java_re/workspace/8-2-build-macosx-x86_64/jdk8u45/3457/hotspot/src/share/vm/prims/jvm.cpp, line 1382]

Events (10 events):
Event: 0.122 loading class java/util/concurrent/ConcurrentHashMap$ForwardingNode
Event: 0.122 loading class java/util/concurrent/ConcurrentHashMap$ForwardingNode done
Event: 0.122 Thread 0x00007fa44d05a800 Thread added: 0x00007fa44d05a800
Event: 0.122 Thread 0x00007fa44d05b800 Thread added: 0x00007fa44d05b800
Event: 0.185 Thread 0x00007fa44d05c000 Thread added: 0x00007fa44d05c000
Event: 0.185 Thread 0x00007fa44d001800 Thread exited: 0x00007fa44d001800
Event: 0.221 Thread 0x00007fa44c835000 Thread added: 0x00007fa44c835000
Event: 2.247 Thread 0x00007fa44d822800 DEOPT PACKING pc=0x00000001081d9f25 sp=0x000000011c469840
Event: 2.247 Thread 0x00007fa44d822800 DEOPT UNPACKING pc=0x00000001080f9633 sp=0x000000011c4695d8 mode 0
Event: 4.094 Executing VM operation: EnableBiasedLocking


Dynamic libraries:
0x0000000009db9000 	/System/Library/Frameworks/Cocoa.framework/Versions/A/Cocoa
0x0000000009db9000 	/System/Library/Frameworks/Security.framework/Versions/A/Security
0x0000000009db9000 	/System/Library/Frameworks/ApplicationServices.framework/Versions/A/ApplicationServices
0x0000000009db9000 	/usr/lib/libz.1.dylib
0x0000000009db9000 	/usr/lib/libSystem.B.dylib
0x0000000009db9000 	/usr/lib/libobjc.A.dylib
0x0000000009db9000 	/System/Library/Frameworks/CoreFoundation.framework/Versions/A/CoreFoundation
0x0000000009db9000 	/System/Library/Frameworks/Foundation.framework/Versions/C/Foundation
0x0000000009db9000 	/System/Library/Frameworks/AppKit.framework/Versions/C/AppKit
0x0000000009db9000 	/System/Library/Frameworks/CoreData.framework/Versions/A/CoreData
0x0000000009db9000 	/System/Library/PrivateFrameworks/RemoteViewServices.framework/Versions/A/RemoteViewServices
0x0000000009db9000 	/System/Library/Frameworks/AudioToolbox.framework/Versions/A/AudioToolbox
0x0000000009db9000 	/System/Library/Frameworks/AudioUnit.framework/Versions/A/AudioUnit
0x0000000009db9000 	/System/Library/PrivateFrameworks/DataDetectorsCore.framework/Versions/A/DataDetectorsCore
0x0000000009db9000 	/System/Library/PrivateFrameworks/DesktopServicesPriv.framework/Versions/A/DesktopServicesPriv
0x0000000009db9000 	/System/Library/Frameworks/Carbon.framework/Versions/A/Frameworks/HIToolbox.framework/Versions/A/HIToolbox
0x0000000009db9000 	/System/Library/Frameworks/QuartzCore.framework/Versions/A/QuartzCore
0x0000000009db9000 	/System/Library/Frameworks/Carbon.framework/Versions/A/Frameworks/SpeechRecognition.framework/Versions/A/SpeechRecognition
0x0000000009db9000 	/usr/lib/libauto.dylib
0x0000000009db9000 	/usr/lib/libicucore.A.dylib
0x0000000009db9000 	/usr/lib/libxml2.2.dylib
0x0000000009db9000 	/System/Library/PrivateFrameworks/CoreUI.framework/Versions/A/CoreUI
0x0000000009db9000 	/System/Library/Frameworks/CoreAudio.framework/Versions/A/CoreAudio
0x0000000009db9000 	/System/Library/Frameworks/DiskArbitration.framework/Versions/A/DiskArbitration
0x0000000009db9000 	/usr/lib/liblangid.dylib
0x0000000009db9000 	/System/Library/PrivateFrameworks/MultitouchSupport.framework/Versions/A/MultitouchSupport
0x0000000009db9000 	/System/Library/Frameworks/IOKit.framework/Versions/A/IOKit
0x0000000009db9000 	/usr/lib/libDiagnosticMessagesClient.dylib
0x0000000009db9000 	/System/Library/Frameworks/CoreServices.framework/Versions/A/CoreServices
0x0000000009db9000 	/System/Library/PrivateFrameworks/PerformanceAnalysis.framework/Versions/A/PerformanceAnalysis
0x0000000009db9000 	/System/Library/PrivateFrameworks/GenerationalStorage.framework/Versions/A/GenerationalStorage
0x0000000009db9000 	/System/Library/Frameworks/OpenGL.framework/Versions/A/OpenGL
0x0000000009db9000 	/System/Library/PrivateFrameworks/Sharing.framework/Versions/A/Sharing
0x0000000009db9000 	/System/Library/Frameworks/ImageIO.framework/Versions/A/ImageIO
0x0000000009db9000 	/System/Library/Frameworks/CoreText.framework/Versions/A/CoreText
0x0000000009db9000 	/System/Library/Frameworks/CoreGraphics.framework/Versions/A/CoreGraphics
0x0000000009db9000 	/System/Library/PrivateFrameworks/Backup.framework/Versions/A/Backup
0x0000000009db9000 	/System/Library/Frameworks/CFNetwork.framework/Versions/A/CFNetwork
0x0000000009db9000 	/System/Library/Frameworks/SystemConfiguration.framework/Versions/A/SystemConfiguration
0x0000000009db9000 	/usr/lib/libCRFSuite.dylib
0x0000000009db9000 	/usr/lib/libc++.1.dylib
0x0000000009db9000 	/usr/lib/libc++abi.dylib
0x0000000009db9000 	/usr/lib/system/libcache.dylib
0x0000000009db9000 	/usr/lib/system/libcommonCrypto.dylib
0x0000000009db9000 	/usr/lib/system/libcompiler_rt.dylib
0x0000000009db9000 	/usr/lib/system/libcopyfile.dylib
0x0000000009db9000 	/usr/lib/system/libcorecrypto.dylib
0x0000000009db9000 	/usr/lib/system/libdispatch.dylib
0x0000000009db9000 	/usr/lib/system/libdyld.dylib
0x0000000009db9000 	/usr/lib/system/libkeymgr.dylib
0x0000000009db9000 	/usr/lib/system/liblaunch.dylib
0x0000000009db9000 	/usr/lib/system/libmacho.dylib
0x0000000009db9000 	/usr/lib/system/libquarantine.dylib
0x0000000009db9000 	/usr/lib/system/libremovefile.dylib
0x0000000009db9000 	/usr/lib/system/libsystem_asl.dylib
0x0000000009db9000 	/usr/lib/system/libsystem_blocks.dylib
0x0000000009db9000 	/usr/lib/system/libsystem_c.dylib
0x0000000009db9000 	/usr/lib/system/libsystem_configuration.dylib
0x0000000009db9000 	/usr/lib/system/libsystem_dnssd.dylib
0x0000000009db9000 	/usr/lib/system/libsystem_info.dylib
0x0000000009db9000 	/usr/lib/system/libsystem_kernel.dylib
0x0000000009db9000 	/usr/lib/system/libsystem_m.dylib
0x0000000009db9000 	/usr/lib/system/libsystem_malloc.dylib
0x0000000009db9000 	/usr/lib/system/libsystem_network.dylib
0x0000000009db9000 	/usr/lib/system/libsystem_notify.dylib
0x0000000009db9000 	/usr/lib/system/libsystem_platform.dylib
0x0000000009db9000 	/usr/lib/system/libsystem_pthread.dylib
0x0000000009db9000 	/usr/lib/system/libsystem_sandbox.dylib
0x0000000009db9000 	/usr/lib/system/libsystem_stats.dylib
0x0000000009db9000 	/usr/lib/system/libunc.dylib
0x0000000009db9000 	/usr/lib/system/libunwind.dylib
0x0000000009db9000 	/usr/lib/system/libxpc.dylib
0x0000000009db9000 	/usr/lib/libbsm.0.dylib
0x0000000009db9000 	/usr/lib/libsqlite3.dylib
0x0000000009db9000 	/usr/lib/libxar.1.dylib
0x0000000009db9000 	/usr/lib/libpam.2.dylib
0x0000000009db9000 	/usr/lib/libOpenScriptingUtil.dylib
0x0000000009db9000 	/usr/lib/libbz2.1.0.dylib
0x0000000009db9000 	/System/Library/Frameworks/CoreServices.framework/Versions/A/Frameworks/CarbonCore.framework/Versions/A/CarbonCore
0x0000000009db9000 	/System/Library/Frameworks/CoreServices.framework/Versions/A/Frameworks/Metadata.framework/Versions/A/Metadata
0x0000000009db9000 	/System/Library/Frameworks/CoreServices.framework/Versions/A/Frameworks/OSServices.framework/Versions/A/OSServices
0x0000000009db9000 	/System/Library/Frameworks/CoreServices.framework/Versions/A/Frameworks/SearchKit.framework/Versions/A/SearchKit
0x0000000009db9000 	/System/Library/Frameworks/CoreServices.framework/Versions/A/Frameworks/AE.framework/Versions/A/AE
0x0000000009db9000 	/System/Library/Frameworks/CoreServices.framework/Versions/A/Frameworks/LaunchServices.framework/Versions/A/LaunchServices
0x0000000009db9000 	/System/Library/Frameworks/CoreServices.framework/Versions/A/Frameworks/DictionaryServices.framework/Versions/A/DictionaryServices
0x0000000009db9000 	/System/Library/Frameworks/NetFS.framework/Versions/A/NetFS
0x0000000009db9000 	/usr/lib/system/libkxld.dylib
0x0000000009db9000 	/System/Library/PrivateFrameworks/NetAuth.framework/Versions/A/NetAuth
0x0000000009db9000 	/System/Library/PrivateFrameworks/TCC.framework/Versions/A/TCC
0x0000000009db9000 	/System/Library/Frameworks/OpenDirectory.framework/Versions/A/Frameworks/CFOpenDirectory.framework/Versions/A/CFOpenDirectory
0x0000000009db9000 	/System/Library/Frameworks/ServiceManagement.framework/Versions/A/ServiceManagement
0x0000000009db9000 	/usr/lib/libxslt.1.dylib
0x0000000009db9000 	/System/Library/Frameworks/Carbon.framework/Versions/A/Frameworks/Ink.framework/Versions/A/Ink
0x0000000009db9000 	/System/Library/Frameworks/ApplicationServices.framework/Versions/A/Frameworks/ATS.framework/Versions/A/ATS
0x0000000009db9000 	/System/Library/Frameworks/ApplicationServices.framework/Versions/A/Frameworks/ColorSync.framework/Versions/A/ColorSync
0x0000000009db9000 	/System/Library/Frameworks/ApplicationServices.framework/Versions/A/Frameworks/HIServices.framework/Versions/A/HIServices
0x0000000009db9000 	/System/Library/Frameworks/ApplicationServices.framework/Versions/A/Frameworks/LangAnalysis.framework/Versions/A/LangAnalysis
0x0000000009db9000 	/System/Library/Frameworks/ApplicationServices.framework/Versions/A/Frameworks/PrintCore.framework/Versions/A/PrintCore
0x0000000009db9000 	/System/Library/Frameworks/ApplicationServices.framework/Versions/A/Frameworks/QD.framework/Versions/A/QD
0x0000000009db9000 	/System/Library/Frameworks/ApplicationServices.framework/Versions/A/Frameworks/SpeechSynthesis.framework/Versions/A/SpeechSynthesis
0x0000000009db9000 	/System/Library/Frameworks/IOSurface.framework/Versions/A/IOSurface
0x0000000009db9000 	/System/Library/Frameworks/Accelerate.framework/Versions/A/Accelerate
0x0000000009db9000 	/System/Library/Frameworks/Accelerate.framework/Versions/A/Frameworks/vImage.framework/Versions/A/vImage
0x0000000009db9000 	/System/Library/Frameworks/Accelerate.framework/Versions/A/Frameworks/vecLib.framework/Versions/A/vecLib
0x0000000009db9000 	/System/Library/Frameworks/Accelerate.framework/Versions/A/Frameworks/vecLib.framework/Versions/A/libvDSP.dylib
0x0000000009db9000 	/System/Library/Frameworks/Accelerate.framework/Versions/A/Frameworks/vecLib.framework/Versions/A/libvMisc.dylib
0x0000000009db9000 	/System/Library/Frameworks/Accelerate.framework/Versions/A/Frameworks/vecLib.framework/Versions/A/libLAPACK.dylib
0x0000000009db9000 	/System/Library/Frameworks/Accelerate.framework/Versions/A/Frameworks/vecLib.framework/Versions/A/libBLAS.dylib
0x0000000009db9000 	/System/Library/Frameworks/ApplicationServices.framework/Versions/A/Frameworks/ATS.framework/Versions/A/Resources/libFontParser.dylib
0x0000000009db9000 	/System/Library/Frameworks/ApplicationServices.framework/Versions/A/Frameworks/ATS.framework/Versions/A/Resources/libFontRegistry.dylib
0x0000000009db9000 	/System/Library/Frameworks/ImageIO.framework/Versions/A/Resources/libJPEG.dylib
0x0000000009db9000 	/System/Library/Frameworks/ImageIO.framework/Versions/A/Resources/libTIFF.dylib
0x0000000009db9000 	/System/Library/Frameworks/ImageIO.framework/Versions/A/Resources/libPng.dylib
0x0000000009db9000 	/System/Library/Frameworks/ImageIO.framework/Versions/A/Resources/libGIF.dylib
0x0000000009db9000 	/System/Library/Frameworks/ImageIO.framework/Versions/A/Resources/libJP2.dylib
0x0000000009db9000 	/System/Library/Frameworks/ImageIO.framework/Versions/A/Resources/libRadiance.dylib
0x0000000009db9000 	/usr/lib/libcups.2.dylib
0x0000000009db9000 	/System/Library/Frameworks/Kerberos.framework/Versions/A/Kerberos
0x0000000009db9000 	/System/Library/Frameworks/GSS.framework/Versions/A/GSS
0x0000000009db9000 	/usr/lib/libresolv.9.dylib
0x0000000009db9000 	/usr/lib/libiconv.2.dylib
0x0000000009db9000 	/System/Library/PrivateFrameworks/Heimdal.framework/Versions/A/Heimdal
0x0000000009db9000 	/System/Library/PrivateFrameworks/TrustEvaluationAgent.framework/Versions/A/TrustEvaluationAgent
0x0000000009db9000 	/usr/lib/libheimdal-asn1.dylib
0x0000000009db9000 	/System/Library/Frameworks/OpenDirectory.framework/Versions/A/OpenDirectory
0x0000000009db9000 	/System/Library/PrivateFrameworks/CommonAuth.framework/Versions/A/CommonAuth
0x0000000009db9000 	/System/Library/Frameworks/SecurityFoundation.framework/Versions/A/SecurityFoundation
0x0000000009db9000 	/System/Library/PrivateFrameworks/Bom.framework/Versions/A/Bom
0x0000000009db9000 	/System/Library/Frameworks/CoreVideo.framework/Versions/A/CoreVideo
0x0000000009db9000 	/System/Library/Frameworks/QuartzCore.framework/Versions/A/Frameworks/CoreImage.framework/Versions/A/CoreImage
0x0000000009db9000 	/System/Library/Frameworks/QuartzCore.framework/Versions/A/Frameworks/ScalableUserInterface.framework/Versions/A/ScalableUserInterface
0x0000000009db9000 	/System/Library/Frameworks/OpenGL.framework/Versions/A/Libraries/libGLU.dylib
0x0000000009db9000 	/System/Library/Frameworks/OpenGL.framework/Versions/A/Libraries/libGFXShared.dylib
0x0000000009db9000 	/System/Library/Frameworks/OpenGL.framework/Versions/A/Libraries/libGL.dylib
0x0000000009db9000 	/System/Library/Frameworks/OpenGL.framework/Versions/A/Libraries/libGLImage.dylib
0x0000000009db9000 	/System/Library/Frameworks/OpenGL.framework/Versions/A/Libraries/libCVMSPluginSupport.dylib
0x0000000009db9000 	/System/Library/Frameworks/OpenGL.framework/Versions/A/Libraries/libCoreVMClient.dylib
0x0000000009db9000 	/System/Library/PrivateFrameworks/FaceCore.framework/Versions/A/FaceCore
0x0000000009db9000 	/System/Library/PrivateFrameworks/CrashReporterSupport.framework/Versions/A/CrashReporterSupport
0x0000000009db9000 	/System/Library/Frameworks/OpenCL.framework/Versions/A/OpenCL
0x0000000009db9000 	/System/Library/PrivateFrameworks/AppleFSCompression.framework/Versions/A/AppleFSCompression
0x0000000009db9000 	/System/Library/PrivateFrameworks/Ubiquity.framework/Versions/A/Ubiquity
0x0000000009db9000 	/System/Library/PrivateFrameworks/IconServices.framework/Versions/A/IconServices
0x0000000009db9000 	/System/Library/PrivateFrameworks/ChunkingLibrary.framework/Versions/A/ChunkingLibrary
0x0000000009db9000 	/System/Library/PrivateFrameworks/CoreSymbolication.framework/Versions/A/CoreSymbolication
0x0000000009db9000 	/System/Library/PrivateFrameworks/Symbolication.framework/Versions/A/Symbolication
0x0000000009db9000 	/System/Library/PrivateFrameworks/DebugSymbols.framework/Versions/A/DebugSymbols
0x0000000107000000 	/Library/Java/JavaVirtualMachines/jdk1.8.0_45.jdk/Contents/Home/jre/lib/server/libjvm.dylib
0x0000000009db9000 	/usr/lib/libstdc++.6.dylib
0x00000001067ed000 	/Library/Java/JavaVirtualMachines/jdk1.8.0_45.jdk/Contents/Home/jre/lib/libverify.dylib
0x000000010806c000 	/Library/Java/JavaVirtualMachines/jdk1.8.0_45.jdk/Contents/Home/jre/lib/libjava.dylib
0x00000001080a9000 	/Library/Java/JavaVirtualMachines/jdk1.8.0_45.jdk/Contents/Home/jre/lib/libzip.dylib
0x000000011bbc0000 	/System/Library/Frameworks/JavaVM.framework/Frameworks/JavaRuntimeSupport.framework/JavaRuntimeSupport
0x000000011bbd8000 	/System/Library/Frameworks/JavaVM.framework/Versions/A/Frameworks/JavaNativeFoundation.framework/Versions/A/JavaNativeFoundation
0x000000011bbed000 	/System/Library/Frameworks/JavaVM.framework/Versions/A/JavaVM
0x0000000009db9000 	/System/Library/Frameworks/Carbon.framework/Versions/A/Carbon
0x000000011bbfa000 	/System/Library/PrivateFrameworks/JavaLaunching.framework/Versions/A/JavaLaunching
0x0000000009db9000 	/System/Library/Frameworks/Carbon.framework/Versions/A/Frameworks/CommonPanels.framework/Versions/A/CommonPanels
0x0000000009db9000 	/System/Library/Frameworks/Carbon.framework/Versions/A/Frameworks/Help.framework/Versions/A/Help
0x0000000009db9000 	/System/Library/Frameworks/Carbon.framework/Versions/A/Frameworks/ImageCapture.framework/Versions/A/ImageCapture
0x0000000009db9000 	/System/Library/Frameworks/Carbon.framework/Versions/A/Frameworks/OpenScripting.framework/Versions/A/OpenScripting
0x0000000009db9000 	/System/Library/Frameworks/Carbon.framework/Versions/A/Frameworks/Print.framework/Versions/A/Print
0x0000000009db9000 	/System/Library/Frameworks/Carbon.framework/Versions/A/Frameworks/SecurityHI.framework/Versions/A/SecurityHI

VM Arguments:
jvm_args: -Dfile.encoding=UTF-8 
java_command: ba.bitcamp.exercise.Task1
java_class_path (initial): /Users/nidal.salkic/Documents/workspace3/Week12Day3/bin
Launcher Type: SUN_STANDARD

Environment Variables:
PATH=/usr/bin:/bin:/usr/sbin:/sbin
SHELL=/bin/bash

Signal Handlers:
SIGSEGV: [libjvm.dylib+0x58ef95], sa_mask[0]=11111111011111110111111111111111, sa_flags=SA_ONSTACK|SA_RESTART|SA_SIGINFO
SIGBUS: [libjvm.dylib+0x58ef95], sa_mask[0]=11111111011111110111111111111111, sa_flags=SA_RESTART|SA_SIGINFO
SIGFPE: [libjvm.dylib+0x46c108], sa_mask[0]=11111111011111110111111111111111, sa_flags=SA_RESTART|SA_SIGINFO
SIGPIPE: [libjvm.dylib+0x46c108], sa_mask[0]=11111111011111110111111111111111, sa_flags=SA_RESTART|SA_SIGINFO
SIGXFSZ: [libjvm.dylib+0x46c108], sa_mask[0]=11111111011111110111111111111111, sa_flags=SA_RESTART|SA_SIGINFO
SIGILL: [libjvm.dylib+0x46c108], sa_mask[0]=11111111011111110111111111111111, sa_flags=SA_RESTART|SA_SIGINFO
SIGUSR1: SIG_DFL, sa_mask[0]=00000000000000000000000000000000, sa_flags=SA_RESTART
SIGUSR2: [libjvm.dylib+0x46bc26], sa_mask[0]=00100000000000000000000000000000, sa_flags=SA_RESTART|SA_SIGINFO
SIGHUP: [libjvm.dylib+0x46a1f9], sa_mask[0]=11111111011111110111111111111111, sa_flags=SA_RESTART|SA_SIGINFO
SIGINT: [libjvm.dylib+0x46a1f9], sa_mask[0]=11111111011111110111111111111111, sa_flags=SA_RESTART|SA_SIGINFO
SIGTERM: [libjvm.dylib+0x46a1f9], sa_mask[0]=11111111011111110111111111111111, sa_flags=SA_RESTART|SA_SIGINFO
SIGQUIT: [libjvm.dylib+0x46a1f9], sa_mask[0]=11111111011111110111111111111111, sa_flags=SA_RESTART|SA_SIGINFO


---------------  S Y S T E M  ---------------

OS:Bsduname:Darwin 13.3.0 Darwin Kernel Version 13.3.0: Tue Jun  3 21:27:35 PDT 2014; root:xnu-2422.110.17~1/RELEASE_X86_64 x86_64
rlimit: STACK 8192k, CORE 0k, NPROC 709, NOFILE 10240, AS infinity
load average:2.90 4.83 12.45

CPU:total 4 (2 cores per cpu, 2 threads per core) family 6 model 58 stepping 9, cmov, cx8, fxsr, mmx, sse, sse2, sse3, ssse3, sse4.1, sse4.2, popcnt, avx, aes, clmul, erms, ht, tsc, tscinvbit, tscinv

Memory: 4k page, physical 4194304k(970136k free)

/proc/meminfo:


vm_info: Java HotSpot(TM) 64-Bit Server VM (25.45-b02) for bsd-amd64 JRE (1.8.0_45-b14), built on Apr 10 2015 10:46:38 by "java_re" with gcc 4.2.1 (Based on Apple Inc. build 5658) (LLVM build 2336.11.00)

time: Wed Aug  5 16:08:25 2015
elapsed time: 4723 seconds (0d 1h 18m 43s)

